<dir>
<title>[COLOR red]°• •° °• •° °• •° °• •° °• •° °• •° °• •° °• •° °• •° °• •° °• •° °• •° °• •° °• •° °• •° °• •° °• •° °• •° °• •° °• •° °• •° °• •° °• •° [/COLOR]</title>
</dir>
<dir>
<title>[COLOR red]°• •° °• •° °• •° °• •° °• •° °• •° °• •° °• •° °• •° °• •° °• •° °• •° °• •° °• •° °• •° °• •° °• •° °• •° °• •° °• •° °• •° °• •° °• •° [/COLOR]</title>
</dir>